<?xml version="1.0" encoding="UTF-8"?>
<!-- Generated by org.testng.reporters.JUnitReportReporter -->
<testsuite hostname="DESKTOP-QM91UED" name="com.Script.kotak.fcc.product.InwardRemittanceTest" tests="1" failures="0" timestamp="21 Sep 2022 18:08:45 GMT" time="135.087" errors="0">
  <testcase name="FCC_CGIRM0017verifySubProductDisposalInstructions" time="135.087" classname="com.Script.kotak.fcc.product.InwardRemittanceTest"/>
</testsuite> <!-- com.Script.kotak.fcc.product.InwardRemittanceTest -->
